<?xml version="1.0" encoding="UTF-8"?>
<testsuite xmlns:xsi="http://www.w3.org/2001/XMLSchema-instance" xsi:noNamespaceSchemaLocation="https://maven.apache.org/surefire/maven-surefire-plugin/xsd/surefire-test-report.xsd" version="3.0.2" name="com.learnSpringWebApp.myfirstspringwebapp.MyfirstspringwebappApplicationTests" time="9.819" tests="1" errors="0" skipped="0" failures="0">
  <properties>
[...]
</properties>
  <testcase name="contextLoads" classname="com.learnSpringWebApp.myfirstspringwebapp.MyfirstspringwebappApplicationTests" time="0.827">
    <system-out><![CDATA[05:06:34.254 [main] INFO org.springframework.test.context.support.AnnotationConfigContextLoaderUtils -- Could not detect default configuration classes for test class [com.learnSpringWebApp.myfirstspringwebapp.MyfirstspringwebappApplicationTests]: MyfirstspringwebappApplicationTests does not declare any static, non-private, non-final, nested classes annotated with @Configuration.
05:06:34.450 [main] INFO org.springframework.boot.test.context.SpringBootTestContextBootstrapper -- Found @SpringBootConfiguration com.learnSpringWebApp.myfirstspringwebapp.MyfirstspringwebappApplication for test class com.learnSpringWebApp.myfirstspringwebapp.MyfirstspringwebappApplicationTests
05:06:34.778 [main] INFO org.springframework.boot.devtools.restart.RestartApplicationListener -- Restart disabled due to context in which it is running

  .   ____          _            __ _ _
 /\\ / ___'_ __ _ _(_)_ __  __ _ \ \ \ \
( ( )\___ | '_ | '_| | '_ \/ _` | \ \ \ \
 \\/  ___)| |_)| | | | | || (_| |  ) ) ) )
  '  |____| .__|_| |_|_| |_\__, | / / / /
 =========|_|==============|___/=/_/_/_/

 :: Spring Boot ::                (v3.4.2)

2025-02-16T05:06:35.283+05:30  INFO 10620 --- [myfirstspringwebapp] [           main] .l.m.MyfirstspringwebappApplicationTests : Starting MyfirstspringwebappApplicationTests using Java 20.0.2 with PID 10620 (started by subha in C:\Users\subha\OneDrive\Desktop\SpringBoot\WorkSpace\myfirstspringwebapp)
2025-02-16T05:06:35.286+05:30  INFO 10620 --- [myfirstspringwebapp] [           main] .l.m.MyfirstspringwebappApplicationTests : No active profile set, falling back to 1 default profile: "default"
2025-02-16T05:06:36.587+05:30  INFO 10620 --- [myfirstspringwebapp] [           main] .s.d.r.c.RepositoryConfigurationDelegate : Bootstrapping Spring Data JPA repositories in DEFAULT mode.
2025-02-16T05:06:36.701+05:30  INFO 10620 --- [myfirstspringwebapp] [           main] .s.d.r.c.RepositoryConfigurationDelegate : Finished Spring Data repository scanning in 94 ms. Found 1 JPA repository interface.
2025-02-16T05:06:37.553+05:30  INFO 10620 --- [myfirstspringwebapp] [           main] o.hibernate.jpa.internal.util.LogHelper  : HHH000204: Processing PersistenceUnitInfo [name: default]
2025-02-16T05:06:37.708+05:30  INFO 10620 --- [myfirstspringwebapp] [           main] org.hibernate.Version                    : HHH000412: Hibernate ORM core version 6.6.5.Final
2025-02-16T05:06:37.788+05:30  INFO 10620 --- [myfirstspringwebapp] [           main] o.h.c.internal.RegionFactoryInitiator    : HHH000026: Second-level cache disabled
2025-02-16T05:06:38.476+05:30  INFO 10620 --- [myfirstspringwebapp] [           main] o.s.o.j.p.SpringPersistenceUnitInfo      : No LoadTimeWeaver setup: ignoring JPA class transformer
2025-02-16T05:06:38.532+05:30  INFO 10620 --- [myfirstspringwebapp] [           main] com.zaxxer.hikari.HikariDataSource       : HikariPool-1 - Starting...
2025-02-16T05:06:39.170+05:30  INFO 10620 --- [myfirstspringwebapp] [           main] com.zaxxer.hikari.pool.HikariPool        : HikariPool-1 - Added connection com.mysql.cj.jdbc.ConnectionImpl@7d126083
2025-02-16T05:06:39.174+05:30  INFO 10620 --- [myfirstspringwebapp] [           main] com.zaxxer.hikari.HikariDataSource       : HikariPool-1 - Start completed.
2025-02-16T05:06:39.272+05:30  WARN 10620 --- [myfirstspringwebapp] [           main] org.hibernate.orm.deprecation            : HHH90000025: MySQL8Dialect does not need to be specified explicitly using 'hibernate.dialect' (remove the property setting and it will be selected by default)
2025-02-16T05:06:39.274+05:30  WARN 10620 --- [myfirstspringwebapp] [           main] org.hibernate.orm.deprecation            : HHH90000026: MySQL8Dialect has been deprecated; use org.hibernate.dialect.MySQLDialect instead
2025-02-16T05:06:39.313+05:30  INFO 10620 --- [myfirstspringwebapp] [           main] org.hibernate.orm.connections.pooling    : HHH10001005: Database info:
	Database JDBC URL [Connecting through datasource 'HikariDataSource (HikariPool-1)']
	Database driver: undefined/unknown
	Database version: 8.0
	Autocommit mode: undefined/unknown
	Isolation level: undefined/unknown
	Minimum pool size: undefined/unknown
	Maximum pool size: undefined/unknown
2025-02-16T05:06:40.775+05:30  INFO 10620 --- [myfirstspringwebapp] [           main] o.h.e.t.j.p.i.JtaPlatformInitiator       : HHH000489: No JTA platform available (set 'hibernate.transaction.jta.platform' to enable JTA platform integration)
2025-02-16T05:06:40.864+05:30  INFO 10620 --- [myfirstspringwebapp] [           main] j.LocalContainerEntityManagerFactoryBean : Initialized JPA EntityManagerFactory for persistence unit 'default'
2025-02-16T05:06:41.692+05:30  WARN 10620 --- [myfirstspringwebapp] [           main] JpaBaseConfiguration$JpaWebConfiguration : spring.jpa.open-in-view is enabled by default. Therefore, database queries may be performed during view rendering. Explicitly configure spring.jpa.open-in-view to disable this warning
2025-02-16T05:06:41.750+05:30  INFO 10620 --- [myfirstspringwebapp] [           main] r$InitializeUserDetailsManagerConfigurer : Global AuthenticationManager configured with UserDetailsService bean with name createUserDetailsManager
2025-02-16T05:06:42.855+05:30  INFO 10620 --- [myfirstspringwebapp] [           main] .l.m.MyfirstspringwebappApplicationTests : Started MyfirstspringwebappApplicationTests in 8.099 seconds (process running for 10.087)
]]></system-out>
  </testcase>
</testsuite>